#
# There is insufficient memory for the Java Runtime Environment to continue.
# Native memory allocation (malloc) failed to allocate 1048576 bytes for AllocateHeap
# Possible reasons:
#   The system is out of physical RAM or swap space
#   The process is running with CompressedOops enabled, and the Java Heap may be blocking the growth of the native heap
# Possible solutions:
#   Reduce memory load on the system
#   Increase physical memory or swap space
#   Check if swap backing store is full
#   Decrease Java heap size (-Xmx/-Xms)
#   Decrease number of Java threads
#   Decrease Java thread stack sizes (-Xss)
#   Set larger code cache with -XX:ReservedCodeCacheSize=
#   JVM is running with Unscaled Compressed Oops mode in which the Java heap is
#     placed in the first 4GB address space. The Java Heap base address is the
#     maximum limit for the native heap growth. Please use -XX:HeapBaseMinAddress
#     to set the Java Heap base and to place the Java Heap above 4GB virtual address.
# This output file may be truncated or incomplete.
#
#  Out of Memory Error (./src/hotspot/share/memory/allocation.cpp:46), pid=14144, tid=6456
#
# JRE version: OpenJDK Runtime Environment (11.0.13) (build 11.0.13+0-b1751.21-8125866)
# Java VM: OpenJDK 64-Bit Server VM (11.0.13+0-b1751.21-8125866, mixed mode, tiered, compressed oops, g1 gc, windows-amd64)
# No core dump will be written. Minidumps are not enabled by default on client versions of Windows
#

---------------  S U M M A R Y ------------

Command Line: --add-opens=java.base/java.util=ALL-UNNAMED --add-opens=java.base/java.lang=ALL-UNNAMED --add-opens=java.base/java.lang.invoke=ALL-UNNAMED --add-opens=java.base/java.util=ALL-UNNAMED --add-opens=java.prefs/java.util.prefs=ALL-UNNAMED --add-opens=java.prefs/java.util.prefs=ALL-UNNAMED --add-opens=java.base/java.nio.charset=ALL-UNNAMED --add-opens=java.base/java.net=ALL-UNNAMED --add-opens=java.base/java.util.concurrent.atomic=ALL-UNNAMED -Xmx2048m -Dfile.encoding=UTF-8 -Duser.country=CN -Duser.language=zh -Duser.variant org.gradle.launcher.daemon.bootstrap.GradleDaemon 7.4

Host: Intel(R) Core(TM) i7-10750H CPU @ 2.60GHz, 12 cores, 15G,  Windows 10 , 64 bit Build 19041 (10.0.19041.1889)
Time: Sat Nov  5 22:33:01 2022 中国标准时间 elapsed time: 2.200610 seconds (0d 0h 0m 2s)

---------------  T H R E A D  ---------------

Current thread (0x0000028984d66800):  VMThread "VM Thread" [stack: 0x000000a783900000,0x000000a783a00000] [id=6456]

Stack: [0x000000a783900000,0x000000a783a00000]
[error occurred during error reporting (printing stack bounds), id 0xc0000005, EXCEPTION_ACCESS_VIOLATION (0xc0000005) at pc=0x00000289eceb112d]

Native frames: (J=compiled Java code, j=interpreted, Vv=VM code, C=native code)
V  [jvm.dll+0x6100fa]
V  [jvm.dll+0x747090]
V  [jvm.dll+0x7486ad]
V  [jvm.dll+0x748ce5]
V  [jvm.dll+0x748c9b]
V  [jvm.dll+0x60f224]
V  [jvm.dll+0x60f9b8]
C  [ntdll.dll+0xa241f]
C  [ntdll.dll+0x514a4]
C  [ntdll.dll+0xa0f4e]
C  0x00000289eceb112d

VM_Operation (0x000000a784ffd350): CollectForMetadataAllocation, mode: safepoint, requested by thread 0x00000289876ef800


---------------  P R O C E S S  ---------------

Threads class SMR info:
_java_thread_list=0x0000028986e7f2f0, length=20, elements={
0x00000289e936b800, 0x0000028984d6b000, 0x0000028984d6c800, 0x0000028984de4800,
0x0000028984de7000, 0x0000028984dea800, 0x0000028984dee000, 0x0000028984df5000,
0x0000028984e02800, 0x0000028984f5d000, 0x00000289865d9800, 0x0000028985048800,
0x0000028986d6e000, 0x0000028986891000, 0x0000028986892000, 0x0000028985e13000,
0x00000289876ef800, 0x00000289860d2000, 0x0000028986291800, 0x0000028986e7e000
}

Java Threads: ( => current thread )
  0x00000289e936b800 JavaThread "main" [_thread_blocked, id=13516, stack(0x000000a783300000,0x000000a783400000)]
  0x0000028984d6b000 JavaThread "Reference Handler" daemon [_thread_blocked, id=11268, stack(0x000000a783a00000,0x000000a783b00000)]
  0x0000028984d6c800 JavaThread "Finalizer" daemon [_thread_blocked, id=11192, stack(0x000000a783b00000,0x000000a783c00000)]
  0x0000028984de4800 JavaThread "Signal Dispatcher" daemon [_thread_blocked, id=13288, stack(0x000000a783c00000,0x000000a783d00000)]
  0x0000028984de7000 JavaThread "Attach Listener" daemon [_thread_blocked, id=12044, stack(0x000000a783d00000,0x000000a783e00000)]
  0x0000028984dea800 JavaThread "Service Thread" daemon [_thread_blocked, id=13880, stack(0x000000a783e00000,0x000000a783f00000)]
  0x0000028984dee000 JavaThread "C2 CompilerThread0" daemon [_thread_blocked, id=17616, stack(0x000000a783f00000,0x000000a784000000)]
  0x0000028984df5000 JavaThread "C1 CompilerThread0" daemon [_thread_blocked, id=10756, stack(0x000000a784000000,0x000000a784100000)]
  0x0000028984e02800 JavaThread "Sweeper thread" daemon [_thread_blocked, id=10452, stack(0x000000a784100000,0x000000a784200000)]
  0x0000028984f5d000 JavaThread "Common-Cleaner" daemon [_thread_blocked, id=16220, stack(0x000000a784200000,0x000000a784300000)]
  0x00000289865d9800 JavaThread "Daemon health stats" [_thread_blocked, id=3936, stack(0x000000a784b00000,0x000000a784c00000)]
  0x0000028985048800 JavaThread "Incoming local TCP Connector on port 58494" [_thread_in_native, id=3372, stack(0x000000a784400000,0x000000a784500000)]
  0x0000028986d6e000 JavaThread "Daemon periodic checks" [_thread_blocked, id=11888, stack(0x000000a784a00000,0x000000a784b00000)]
  0x0000028986891000 JavaThread "Daemon" [_thread_blocked, id=18412, stack(0x000000a784c00000,0x000000a784d00000)]
  0x0000028986892000 JavaThread "Handler for socket connection from /127.0.0.1:58494 to /127.0.0.1:58495" [_thread_in_native, id=12276, stack(0x000000a784d00000,0x000000a784e00000)]
  0x0000028985e13000 JavaThread "Cancel handler" [_thread_blocked, id=3400, stack(0x000000a784e00000,0x000000a784f00000)]
  0x00000289876ef800 JavaThread "Daemon worker" [_thread_blocked, id=11444, stack(0x000000a784f00000,0x000000a785000000)]
  0x00000289860d2000 JavaThread "Asynchronous log dispatcher for DefaultDaemonConnection: socket connection from /127.0.0.1:58494 to /127.0.0.1:58495" [_thread_blocked, id=19072, stack(0x000000a785000000,0x000000a785100000)]
  0x0000028986291800 JavaThread "Stdin handler" [_thread_blocked, id=19400, stack(0x000000a785100000,0x000000a785200000)]
  0x0000028986e7e000 JavaThread "Daemon client event forwarder" [_thread_blocked, id=18104, stack(0x000000a785200000,0x000000a785300000)]

Other Threads:
=>0x0000028984d66800 VMThread "VM Thread" [stack: 0x000000a783900000,0x000000a783a00000] [id=6456]
  0x0000028984f98800 WatcherThread [stack: 0x000000a784300000,0x000000a784400000] [id=17440]
  0x00000289e9385000 GCTaskThread "GC Thread#0" [stack: 0x000000a783400000,0x000000a783500000] [id=14076]
  0x0000028985c60000 GCTaskThread "GC Thread#1" [stack: 0x000000a784500000,0x000000a784600000] [id=32]
  0x0000028985dab800 GCTaskThread "GC Thread#2" [stack: 0x000000a784600000,0x000000a784700000] [id=12188]
  0x0000028985e3f800 GCTaskThread "GC Thread#3" [stack: 0x000000a784700000,0x000000a784800000] [id=14036]
  0x00000289856da800 GCTaskThread "GC Thread#4" [stack: 0x000000a784800000,0x000000a784900000] [id=17860]
  0x0000028985d4f800 GCTaskThread "GC Thread#5" [stack: 0x000000a784900000,0x000000a784a00000] [id=17736]
  0x00000289875c7800 GCTaskThread "GC Thread#6" [stack: 0x000000a785300000,0x000000a785400000] [id=18860]
  0x000002898747a000 GCTaskThread "GC Thread#7" [stack: 0x000000a785400000,0x000000a785500000] [id=12284]
  0x0000028985b0a000 GCTaskThread "GC Thread#8" [stack: 0x000000a785500000,0x000000a785600000] [id=16632]
  0x00000289858b6800 GCTaskThread "GC Thread#9" [stack: 0x000000a785600000,0x000000a785700000] [id=14484]
  0x00000289e93b9000 ConcurrentGCThread "G1 Main Marker" [stack: 0x000000a783500000,0x000000a783600000] [id=10464]
  0x00000289e93ba800 ConcurrentGCThread "G1 Conc#0" [stack: 0x000000a783600000,0x000000a783700000] [id=3860]
  0x0000028987247800 ConcurrentGCThread "G1 Conc#1" [stack: 0x000000a785700000,0x000000a785800000] [id=19404]
  0x0000028987547000 ConcurrentGCThread "G1 Conc#2" [stack: 0x000000a785800000,0x000000a785900000] [id=16336]
  0x00000289843b0800 ConcurrentGCThread "G1 Refine#0" [stack: 0x000000a783700000,0x000000a783800000] [id=13864]
  0x00000289843b1000 ConcurrentGCThread "G1 Young RemSet Sampling" [stack: 0x000000a783800000,0x000000a783900000] [id=6320]

Threads with active compile tasks:

VM state:at safepoint (normal execution)

VM Mutex/Monitor currently owned by a thread:  ([mutex/lock_event])
[0x00000289e93671d0] Threads_lock - owner thread: 0x0000028984d66800
[0x00000289e93688e0] Heap_lock - owner thread: 0x00000289876ef800

Heap address: 0x0000000080000000, size: 2048 MB, Compressed Oops mode: 32-bit
Narrow klass base: 0x0000000000000000, Narrow klass shift: 3
Compressed class space size: 1073741824 Address: 0x0000000100000000

Heap:
 garbage-first heap   total 260096K, used 17190K [0x0000000080000000, 0x0000000100000000)
  region size 1024K, 11 young (11264K), 11 survivors (11264K)
 Metaspace       used 19158K, capacity 19575K, committed 19712K, reserved 1075200K
  class space    used 2304K, capacity 2443K, committed 2560K, reserved 1048576K
Heap Regions: E=young(eden), S=young(survivor), O=old, HS=humongous(starts), HC=humongous(continues), CS=collection set, F=free, A=archive, TAMS=top-at-mark-start (previous, next)
|   0|0x0000000080000000, 0x0000000080000000, 0x0000000080100000|  0%| F|  |TAMS 0x0000000080000000, 0x0000000080000000| Untracked 
|   1|0x0000000080100000, 0x0000000080100000, 0x0000000080200000|  0%| F|  |TAMS 0x0000000080100000, 0x0000000080100000| Untracked 
|   2|0x0000000080200000, 0x0000000080200000, 0x0000000080300000|  0%| F|  |TAMS 0x0000000080200000, 0x0000000080200000| Untracked 
|   3|0x0000000080300000, 0x0000000080400000, 0x0000000080400000|100%|HS|  |TAMS 0x0000000080300000, 0x0000000080400000| Complete 
|   4|0x0000000080400000, 0x0000000080500000, 0x0000000080500000|100%|HC|  |TAMS 0x0000000080400000, 0x0000000080500000| Complete 
|   5|0x0000000080500000, 0x0000000080600000, 0x0000000080600000|100%|HC|  |TAMS 0x0000000080500000, 0x0000000080600000| Complete 
|   6|0x0000000080600000, 0x0000000080700000, 0x0000000080700000|100%| O|  |TAMS 0x0000000080600000, 0x0000000080700000| Untracked 
|   7|0x0000000080700000, 0x0000000080800000, 0x0000000080800000|100%| O|  |TAMS 0x0000000080700000, 0x0000000080800000| Untracked 
|   8|0x0000000080800000, 0x0000000080900000, 0x0000000080900000|100%| O|  |TAMS 0x0000000080800000, 0x0000000080900000| Untracked 
|   9|0x0000000080900000, 0x000000008095e400, 0x0000000080a00000| 36%| O|  |TAMS 0x0000000080900000, 0x000000008095e400| Untracked 
|  10|0x0000000080a00000, 0x0000000080a00000, 0x0000000080b00000|  0%| F|  |TAMS 0x0000000080a00000, 0x0000000080a00000| Untracked 
|  11|0x0000000080b00000, 0x0000000080b00000, 0x0000000080c00000|  0%| F|  |TAMS 0x0000000080b00000, 0x0000000080b00000| Untracked 
|  12|0x0000000080c00000, 0x0000000080c00000, 0x0000000080d00000|  0%| F|  |TAMS 0x0000000080c00000, 0x0000000080c00000| Untracked 
|  13|0x0000000080d00000, 0x0000000080d00000, 0x0000000080e00000|  0%| F|  |TAMS 0x0000000080d00000, 0x0000000080d00000| Untracked 
|  14|0x0000000080e00000, 0x0000000080e00000, 0x0000000080f00000|  0%| F|  |TAMS 0x0000000080e00000, 0x0000000080e00000| Untracked 
|  15|0x0000000080f00000, 0x0000000080f00000, 0x0000000081000000|  0%| F|  |TAMS 0x0000000080f00000, 0x0000000080f00000| Untracked 
|  16|0x0000000081000000, 0x0000000081000000, 0x0000000081100000|  0%| F|  |TAMS 0x0000000081000000, 0x0000000081000000| Untracked 
|  17|0x0000000081100000, 0x0000000081100000, 0x0000000081200000|  0%| F|  |TAMS 0x0000000081100000, 0x0000000081100000| Untracked 
|  18|0x0000000081200000, 0x0000000081200000, 0x0000000081300000|  0%| F|  |TAMS 0x0000000081200000, 0x0000000081200000| Untracked 
|  19|0x0000000081300000, 0x0000000081300000, 0x0000000081400000|  0%| F|  |TAMS 0x0000000081300000, 0x0000000081300000| Untracked 
|  20|0x0000000081400000, 0x0000000081400000, 0x0000000081500000|  0%| F|  |TAMS 0x0000000081400000, 0x0000000081400000| Untracked 
|  21|0x0000000081500000, 0x0000000081500000, 0x0000000081600000|  0%| F|  |TAMS 0x0000000081500000, 0x0000000081500000| Untracked 
|  22|0x0000000081600000, 0x0000000081600000, 0x0000000081700000|  0%| F|  |TAMS 0x0000000081600000, 0x0000000081600000| Untracked 
|  23|0x0000000081700000, 0x0000000081700000, 0x0000000081800000|  0%| F|  |TAMS 0x0000000081700000, 0x0000000081700000| Untracked 
|  24|0x0000000081800000, 0x0000000081800000, 0x0000000081900000|  0%| F|  |TAMS 0x0000000081800000, 0x0000000081800000| Untracked 
|  25|0x0000000081900000, 0x0000000081900000, 0x0000000081a00000|  0%| F|  |TAMS 0x0000000081900000, 0x0000000081900000| Untracked 
|  26|0x0000000081a00000, 0x0000000081a00000, 0x0000000081b00000|  0%| F|  |TAMS 0x0000000081a00000, 0x0000000081a00000| Untracked 
|  27|0x0000000081b00000, 0x0000000081b00000, 0x0000000081c00000|  0%| F|  |TAMS 0x0000000081b00000, 0x0000000081b00000| Untracked 
|  28|0x0000000081c00000, 0x0000000081c00000, 0x0000000081d00000|  0%| F|  |TAMS 0x0000000081c00000, 0x0000000081c00000| Untracked 
|  29|0x0000000081d00000, 0x0000000081d00000, 0x0000000081e00000|  0%| F|  |TAMS 0x0000000081d00000, 0x0000000081d00000| Untracked 
|  30|0x0000000081e00000, 0x0000000081e00000, 0x0000000081f00000|  0%| F|  |TAMS 0x0000000081e00000, 0x0000000081e00000| Untracked 
|  31|0x0000000081f00000, 0x0000000081f00000, 0x0000000082000000|  0%| F|  |TAMS 0x0000000081f00000, 0x0000000081f00000| Untracked 
|  32|0x0000000082000000, 0x0000000082000000, 0x0000000082100000|  0%| F|  |TAMS 0x0000000082000000, 0x0000000082000000| Untracked 
|  33|0x0000000082100000, 0x0000000082100000, 0x0000000082200000|  0%| F|  |TAMS 0x0000000082100000, 0x0000000082100000| Untracked 
|  34|0x0000000082200000, 0x0000000082200000, 0x0000000082300000|  0%| F|  |TAMS 0x0000000082200000, 0x0000000082200000| Untracked 
|  35|0x0000000082300000, 0x0000000082300000, 0x0000000082400000|  0%| F|  |TAMS 0x0000000082300000, 0x0000000082300000| Untracked 
|  36|0x0000000082400000, 0x0000000082400000, 0x0000000082500000|  0%| F|  |TAMS 0x0000000082400000, 0x0000000082400000| Untracked 
|  37|0x0000000082500000, 0x0000000082500000, 0x0000000082600000|  0%| F|  |TAMS 0x0000000082500000, 0x0000000082500000| Untracked 
|  38|0x0000000082600000, 0x0000000082600000, 0x0000000082700000|  0%| F|  |TAMS 0x0000000082600000, 0x0000000082600000| Untracked 
|  39|0x0000000082700000, 0x0000000082700000, 0x0000000082800000|  0%| F|  |TAMS 0x0000000082700000, 0x0000000082700000| Untracked 
|  40|0x0000000082800000, 0x0000000082800000, 0x0000000082900000|  0%| F|  |TAMS 0x0000000082800000, 0x0000000082800000| Untracked 
|  41|0x0000000082900000, 0x0000000082900000, 0x0000000082a00000|  0%| F|  |TAMS 0x0000000082900000, 0x0000000082900000| Untracked 
|  42|0x0000000082a00000, 0x0000000082a00000, 0x0000000082b00000|  0%| F|  |TAMS 0x0000000082a00000, 0x0000000082a00000| Untracked 
|  43|0x0000000082b00000, 0x0000000082b00000, 0x0000000082c00000|  0%| F|  |TAMS 0x0000000082b00000, 0x0000000082b00000| Untracked 
|  44|0x0000000082c00000, 0x0000000082c00000, 0x0000000082d00000|  0%| F|  |TAMS 0x0000000082c00000, 0x0000000082c00000| Untracked 
|  45|0x0000000082d00000, 0x0000000082d00000, 0x0000000082e00000|  0%| F|  |TAMS 0x0000000082d00000, 0x0000000082d00000| Untracked 
|  46|0x0000000082e00000, 0x0000000082e00000, 0x0000000082f00000|  0%| F|  |TAMS 0x0000000082e00000, 0x0000000082e00000| Untracked 
|  47|0x0000000082f00000, 0x0000000082f00000, 0x0000000083000000|  0%| F|  |TAMS 0x0000000082f00000, 0x0000000082f00000| Untracked 
|  48|0x0000000083000000, 0x0000000083000000, 0x0000000083100000|  0%| F|  |TAMS 0x0000000083000000, 0x0000000083000000| Untracked 
|  49|0x0000000083100000, 0x0000000083100000, 0x0000000083200000|  0%| F|  |TAMS 0x0000000083100000, 0x0000000083100000| Untracked 
|  50|0x0000000083200000, 0x0000000083200000, 0x0000000083300000|  0%| F|  |TAMS 0x0000000083200000, 0x0000000083200000| Untracked 
|  51|0x0000000083300000, 0x0000000083300000, 0x0000000083400000|  0%| F|  |TAMS 0x0000000083300000, 0x0000000083300000| Untracked 
|  52|0x0000000083400000, 0x0000000083400000, 0x0000000083500000|  0%| F|  |TAMS 0x0000000083400000, 0x0000000083400000| Untracked 
|  53|0x0000000083500000, 0x0000000083500000, 0x0000000083600000|  0%| F|  |TAMS 0x0000000083500000, 0x0000000083500000| Untracked 
|  54|0x0000000083600000, 0x0000000083600000, 0x0000000083700000|  0%| F|  |TAMS 0x0000000083600000, 0x0000000083600000| Untracked 
|  55|0x0000000083700000, 0x0000000083700000, 0x0000000083800000|  0%| F|  |TAMS 0x0000000083700000, 0x0000000083700000| Untracked 
|  56|0x0000000083800000, 0x0000000083800000, 0x0000000083900000|  0%| F|  |TAMS 0x0000000083800000, 0x0000000083800000| Untracked 
|  57|0x0000000083900000, 0x0000000083900000, 0x0000000083a00000|  0%| F|  |TAMS 0x0000000083900000, 0x0000000083900000| Untracked 
|  58|0x0000000083a00000, 0x0000000083a00000, 0x0000000083b00000|  0%| F|  |TAMS 0x0000000083a00000, 0x0000000083a00000| Untracked 
|  59|0x0000000083b00000, 0x0000000083b00000, 0x0000000083c00000|  0%| F|  |TAMS 0x0000000083b00000, 0x0000000083b00000| Untracked 
|  60|0x0000000083c00000, 0x0000000083c00000, 0x0000000083d00000|  0%| F|  |TAMS 0x0000000083c00000, 0x0000000083c00000| Untracked 
|  61|0x0000000083d00000, 0x0000000083d00000, 0x0000000083e00000|  0%| F|  |TAMS 0x0000000083d00000, 0x0000000083d00000| Untracked 
|  62|0x0000000083e00000, 0x0000000083e00000, 0x0000000083f00000|  0%| F|  |TAMS 0x0000000083e00000, 0x0000000083e00000| Untracked 
|  63|0x0000000083f00000, 0x0000000083f00000, 0x0000000084000000|  0%| F|  |TAMS 0x0000000083f00000, 0x0000000083f00000| Untracked 
|  64|0x0000000084000000, 0x0000000084000000, 0x0000000084100000|  0%| F|  |TAMS 0x0000000084000000, 0x0000000084000000| Untracked 
|  65|0x0000000084100000, 0x0000000084100000, 0x0000000084200000|  0%| F|  |TAMS 0x0000000084100000, 0x0000000084100000| Untracked 
|  66|0x0000000084200000, 0x0000000084200000, 0x0000000084300000|  0%| F|  |TAMS 0x0000000084200000, 0x0000000084200000| Untracked 
|  67|0x0000000084300000, 0x0000000084300000, 0x0000000084400000|  0%| F|  |TAMS 0x0000000084300000, 0x0000000084300000| Untracked 
|  68|0x0000000084400000, 0x0000000084400000, 0x0000000084500000|  0%| F|  |TAMS 0x0000000084400000, 0x0000000084400000| Untracked 
|  69|0x0000000084500000, 0x0000000084500000, 0x0000000084600000|  0%| F|  |TAMS 0x0000000084500000, 0x0000000084500000| Untracked 
|  70|0x0000000084600000, 0x0000000084600000, 0x0000000084700000|  0%| F|  |TAMS 0x0000000084600000, 0x0000000084600000| Untracked 
|  71|0x0000000084700000, 0x0000000084700000, 0x0000000084800000|  0%| F|  |TAMS 0x0000000084700000, 0x0000000084700000| Untracked 
|  72|0x0000000084800000, 0x0000000084800000, 0x0000000084900000|  0%| F|  |TAMS 0x0000000084800000, 0x0000000084800000| Untracked 
|  73|0x0000000084900000, 0x0000000084900000, 0x0000000084a00000|  0%| F|  |TAMS 0x0000000084900000, 0x0000000084900000| Untracked 
|  74|0x0000000084a00000, 0x0000000084a00000, 0x0000000084b00000|  0%| F|  |TAMS 0x0000000084a00000, 0x0000000084a00000| Untracked 
|  75|0x0000000084b00000, 0x0000000084b00000, 0x0000000084c00000|  0%| F|  |TAMS 0x0000000084b00000, 0x0000000084b00000| Untracked 
|  76|0x0000000084c00000, 0x0000000084c00000, 0x0000000084d00000|  0%| F|  |TAMS 0x0000000084c00000, 0x0000000084c00000| Untracked 
|  77|0x0000000084d00000, 0x0000000084d00000, 0x0000000084e00000|  0%| F|  |TAMS 0x0000000084d00000, 0x0000000084d00000| Untracked 
|  78|0x0000000084e00000, 0x0000000084e00000, 0x0000000084f00000|  0%| F|  |TAMS 0x0000000084e00000, 0x0000000084e00000| Untracked 
|  79|0x0000000084f00000, 0x0000000084f00000, 0x0000000085000000|  0%| F|  |TAMS 0x0000000084f00000, 0x0000000084f00000| Untracked 
|  80|0x0000000085000000, 0x0000000085000000, 0x0000000085100000|  0%| F|  |TAMS 0x0000000085000000, 0x0000000085000000| Untracked 
|  81|0x0000000085100000, 0x0000000085100000, 0x0000000085200000|  0%| F|  |TAMS 0x0000000085100000, 0x0000000085100000| Untracked 
|  82|0x0000000085200000, 0x0000000085200000, 0x0000000085300000|  0%| F|  |TAMS 0x0000000085200000, 0x0000000085200000| Untracked 
|  83|0x0000000085300000, 0x0000000085300000, 0x0000000085400000|  0%| F|  |TAMS 0x0000000085300000, 0x0000000085300000| Untracked 
|  84|0x0000000085400000, 0x0000000085400000, 0x0000000085500000|  0%| F|  |TAMS 0x0000000085400000, 0x0000000085400000| Untracked 
|  85|0x0000000085500000, 0x0000000085500000, 0x0000000085600000|  0%| F|  |TAMS 0x0000000085500000, 0x0000000085500000| Untracked 
|  86|0x0000000085600000, 0x0000000085600000, 0x0000000085700000|  0%| F|  |TAMS 0x0000000085600000, 0x0000000085600000| Untracked 
|  87|0x0000000085700000, 0x0000000085700000, 0x0000000085800000|  0%| F|  |TAMS 0x0000000085700000, 0x0000000085700000| Untracked 
|  88|0x0000000085800000, 0x0000000085800000, 0x0000000085900000|  0%| F|  |TAMS 0x0000000085800000, 0x0000000085800000| Untracked 
|  89|0x0000000085900000, 0x0000000085900000, 0x0000000085a00000|  0%| F|  |TAMS 0x0000000085900000, 0x0000000085900000| Untracked 
|  90|0x0000000085a00000, 0x0000000085a00000, 0x0000000085b00000|  0%| F|  |TAMS 0x0000000085a00000, 0x0000000085a00000| Untracked 
|  91|0x0000000085b00000, 0x0000000085b00000, 0x0000000085c00000|  0%| F|  |TAMS 0x0000000085b00000, 0x0000000085b00000| Untracked 
|  92|0x0000000085c00000, 0x0000000085c00000, 0x0000000085d00000|  0%| F|  |TAMS 0x0000000085c00000, 0x0000000085c00000| Untracked 
|  93|0x0000000085d00000, 0x0000000085d00000, 0x0000000085e00000|  0%| F|  |TAMS 0x0000000085d00000, 0x0000000085d00000| Untracked 
|  94|0x0000000085e00000, 0x0000000085e00000, 0x0000000085f00000|  0%| F|  |TAMS 0x0000000085e00000, 0x0000000085e00000| Untracked 
|  95|0x0000000085f00000, 0x0000000085f00000, 0x0000000086000000|  0%| F|  |TAMS 0x0000000085f00000, 0x0000000085f00000| Untracked 
|  96|0x0000000086000000, 0x0000000086000000, 0x0000000086100000|  0%| F|  |TAMS 0x0000000086000000, 0x0000000086000000| Untracked 
|  97|0x0000000086100000, 0x0000000086100000, 0x0000000086200000|  0%| F|  |TAMS 0x0000000086100000, 0x0000000086100000| Untracked 
|  98|0x0000000086200000, 0x0000000086200000, 0x0000000086300000|  0%| F|  |TAMS 0x0000000086200000, 0x0000000086200000| Untracked 
|  99|0x0000000086300000, 0x0000000086300000, 0x0000000086400000|  0%| F|  |TAMS 0x0000000086300000, 0x0000000086300000| Untracked 
| 100|0x0000000086400000, 0x0000000086400000, 0x0000000086500000|  0%| F|  |TAMS 0x0000000086400000, 0x0000000086400000| Untracked 
| 101|0x0000000086500000, 0x0000000086500000, 0x0000000086600000|  0%| F|  |TAMS 0x0000000086500000, 0x0000000086500000| Untracked 
| 102|0x0000000086600000, 0x0000000086600000, 0x0000000086700000|  0%| F|  |TAMS 0x0000000086600000, 0x0000000086600000| Untracked 
| 103|0x0000000086700000, 0x0000000086700000, 0x0000000086800000|  0%| F|  |TAMS 0x0000000086700000, 0x0000000086700000| Untracked 
| 104|0x0000000086800000, 0x0000000086800000, 0x0000000086900000|  0%| F|  |TAMS 0x0000000086800000, 0x0000000086800000| Untracked 
| 105|0x0000000086900000, 0x0000000086900000, 0x0000000086a00000|  0%| F|  |TAMS 0x0000000086900000, 0x0000000086900000| Untracked 
| 106|0x0000000086a00000, 0x0000000086a00000, 0x0000000086b00000|  0%| F|  |TAMS 0x0000000086a00000, 0x0000000086a00000| Untracked 
| 107|0x0000000086b00000, 0x0000000086b00000, 0x0000000086c00000|  0%| F|  |TAMS 0x0000000086b00000, 0x0000000086b00000| Untracked 
| 108|0x0000000086c00000, 0x0000000086c00000, 0x0000000086d00000|  0%| F|  |TAMS 0x0000000086c00000, 0x0000000086c00000| Untracked 
| 109|0x0000000086d00000, 0x0000000086d00000, 0x0000000086e00000|  0%| F|  |TAMS 0x0000000086d00000, 0x0000000086d00000| Untracked 
| 110|0x0000000086e00000, 0x0000000086e00000, 0x0000000086f00000|  0%| F|  |TAMS 0x0000000086e00000, 0x0000000086e00000| Untracked 
| 111|0x0000000086f00000, 0x0000000086f00000, 0x0000000087000000|  0%| F|  |TAMS 0x0000000086f00000, 0x0000000086f00000| Untracked 
| 112|0x0000000087000000, 0x0000000087000000, 0x0000000087100000|  0%| F|  |TAMS 0x0000000087000000, 0x0000000087000000| Untracked 
| 113|0x0000000087100000, 0x0000000087100000, 0x0000000087200000|  0%| F|  |TAMS 0x0000000087100000, 0x0000000087100000| Untracked 
| 114|0x0000000087200000, 0x0000000087200000, 0x0000000087300000|  0%| F|  |TAMS 0x0000000087200000, 0x0000000087200000| Untracked 
| 115|0x0000000087300000, 0x0000000087300000, 0x0000000087400000|  0%| F|  |TAMS 0x0000000087300000, 0x0000000087300000| Untracked 
| 116|0x0000000087400000, 0x0000000087400000, 0x0000000087500000|  0%| F|  |TAMS 0x0000000087400000, 0x0000000087400000| Untracked 
| 117|0x0000000087500000, 0x0000000087500000, 0x0000000087600000|  0%| F|  |TAMS 0x0000000087500000, 0x0000000087500000| Untracked 
| 118|0x0000000087600000, 0x0000000087600000, 0x0000000087700000|  0%| F|  |TAMS 0x0000000087600000, 0x0000000087600000| Untracked 
| 119|0x0000000087700000, 0x0000000087700000, 0x0000000087800000|  0%| F|  |TAMS 0x0000000087700000, 0x0000000087700000| Untracked 
| 120|0x0000000087800000, 0x0000000087800000, 0x0000000087900000|  0%| F|  |TAMS 0x0000000087800000, 0x0000000087800000| Untracked 
| 121|0x0000000087900000, 0x0000000087900000, 0x0000000087a00000|  0%| F|  |TAMS 0x0000000087900000, 0x0000000087900000| Untracked 
| 122|0x0000000087a00000, 0x0000000087a00000, 0x0000000087b00000|  0%| F|  |TAMS 0x0000000087a00000, 0x0000000087a00000| Untracked 
| 123|0x0000000087b00000, 0x0000000087b00000, 0x0000000087c00000|  0%| F|  |TAMS 0x0000000087b00000, 0x0000000087b00000| Untracked 
| 124|0x0000000087c00000, 0x0000000087c00000, 0x0000000087d00000|  0%| F|  |TAMS 0x0000000087c00000, 0x0000000087c00000| Untracked 
| 125|0x0000000087d00000, 0x0000000087d00000, 0x0000000087e00000|  0%| F|  |TAMS 0x0000000087d00000, 0x0000000087d00000| Untracked 
| 126|0x0000000087e00000, 0x0000000087e00000, 0x0000000087f00000|  0%| F|  |TAMS 0x0000000087e00000, 0x0000000087e00000| Untracked 
| 127|0x0000000087f00000, 0x0000000087f00000, 0x0000000088000000|  0%| F|  |TAMS 0x0000000087f00000, 0x0000000087f00000| Untracked 
| 128|0x0000000088000000, 0x0000000088000000, 0x0000000088100000|  0%| F|  |TAMS 0x0000000088000000, 0x0000000088000000| Untracked 
| 129|0x0000000088100000, 0x0000000088100000, 0x0000000088200000|  0%| F|  |TAMS 0x0000000088100000, 0x0000000088100000| Untracked 
| 130|0x0000000088200000, 0x0000000088200000, 0x0000000088300000|  0%| F|  |TAMS 0x0000000088200000, 0x0000000088200000| Untracked 
| 131|0x0000000088300000, 0x0000000088300000, 0x0000000088400000|  0%| F|  |TAMS 0x0000000088300000, 0x0000000088300000| Untracked 
| 132|0x0000000088400000, 0x0000000088400000, 0x0000000088500000|  0%| F|  |TAMS 0x0000000088400000, 0x0000000088400000| Untracked 
| 133|0x0000000088500000, 0x0000000088500000, 0x0000000088600000|  0%| F|  |TAMS 0x0000000088500000, 0x0000000088500000| Untracked 
| 134|0x0000000088600000, 0x0000000088600000, 0x0000000088700000|  0%| F|  |TAMS 0x0000000088600000, 0x0000000088600000| Untracked 
| 135|0x0000000088700000, 0x0000000088700000, 0x0000000088800000|  0%| F|  |TAMS 0x0000000088700000, 0x0000000088700000| Untracked 
| 136|0x0000000088800000, 0x0000000088800000, 0x0000000088900000|  0%| F|  |TAMS 0x0000000088800000, 0x0000000088800000| Untracked 
| 137|0x0000000088900000, 0x0000000088900000, 0x0000000088a00000|  0%| F|  |TAMS 0x0000000088900000, 0x0000000088900000| Untracked 
| 138|0x0000000088a00000, 0x0000000088a00000, 0x0000000088b00000|  0%| F|  |TAMS 0x0000000088a00000, 0x0000000088a00000| Untracked 
| 139|0x0000000088b00000, 0x0000000088b00000, 0x0000000088c00000|  0%| F|  |TAMS 0x0000000088b00000, 0x0000000088b00000| Untracked 
| 140|0x0000000088c00000, 0x0000000088c00000, 0x0000000088d00000|  0%| F|  |TAMS 0x0000000088c00000, 0x0000000088c00000| Untracked 
| 141|0x0000000088d00000, 0x0000000088d00000, 0x0000000088e00000|  0%| F|  |TAMS 0x0000000088d00000, 0x0000000088d00000| Untracked 
| 142|0x0000000088e00000, 0x0000000088e00000, 0x0000000088f00000|  0%| F|  |TAMS 0x0000000088e00000, 0x0000000088e00000| Untracked 
| 143|0x0000000088f00000, 0x0000000088f00000, 0x0000000089000000|  0%| F|  |TAMS 0x0000000088f00000, 0x0000000088f00000| Untracked 
| 144|0x0000000089000000, 0x0000000089000000, 0x0000000089100000|  0%| F|  |TAMS 0x0000000089000000, 0x0000000089000000| Untracked 
| 145|0x0000000089100000, 0x0000000089100000, 0x0000000089200000|  0%| F|  |TAMS 0x0000000089100000, 0x0000000089100000| Untracked 
| 146|0x0000000089200000, 0x0000000089200000, 0x0000000089300000|  0%| F|  |TAMS 0x0000000089200000, 0x0000000089200000| Untracked 
| 147|0x0000000089300000, 0x0000000089300000, 0x0000000089400000|  0%| F|  |TAMS 0x0000000089300000, 0x0000000089300000| Untracked 
| 148|0x0000000089400000, 0x0000000089400000, 0x0000000089500000|  0%| F|  |TAMS 0x0000000089400000, 0x0000000089400000| Untracked 
| 149|0x0000000089500000, 0x0000000089500000, 0x0000000089600000|  0%| F|  |TAMS 0x0000000089500000, 0x0000000089500000| Untracked 
| 150|0x0000000089600000, 0x0000000089600000, 0x0000000089700000|  0%| F|  |TAMS 0x0000000089600000, 0x0000000089600000| Untracked 
| 151|0x0000000089700000, 0x0000000089700000, 0x0000000089800000|  0%| F|  |TAMS 0x0000000089700000, 0x0000000089700000| Untracked 
| 152|0x0000000089800000, 0x000000008986b610, 0x0000000089900000| 41%| S|CS|TAMS 0x0000000089800000, 0x0000000089800000| Complete 
| 153|0x0000000089900000, 0x0000000089a00000, 0x0000000089a00000|100%| S|CS|TAMS 0x0000000089900000, 0x0000000089900000| Complete 
| 154|0x0000000089a00000, 0x0000000089b00000, 0x0000000089b00000|100%| S|CS|TAMS 0x0000000089a00000, 0x0000000089a00000| Complete 
| 155|0x0000000089b00000, 0x0000000089c00000, 0x0000000089c00000|100%| S|CS|TAMS 0x0000000089b00000, 0x0000000089b00000| Complete 
| 156|0x0000000089c00000, 0x0000000089d00000, 0x0000000089d00000|100%| S|CS|TAMS 0x0000000089c00000, 0x0000000089c00000| Complete 
| 157|0x0000000089d00000, 0x0000000089e00000, 0x0000000089e00000|100%| S|CS|TAMS 0x0000000089d00000, 0x0000000089d00000| Complete 
| 158|0x0000000089e00000, 0x0000000089f00000, 0x0000000089f00000|100%| S|CS|TAMS 0x0000000089e00000, 0x0000000089e00000| Complete 
| 159|0x0000000089f00000, 0x000000008a000000, 0x000000008a000000|100%| S|CS|TAMS 0x0000000089f00000, 0x0000000089f00000| Complete 
| 160|0x000000008a000000, 0x000000008a100000, 0x000000008a100000|100%| S|CS|TAMS 0x000000008a000000, 0x000000008a000000| Complete 
| 161|0x000000008a100000, 0x000000008a200000, 0x000000008a200000|100%| S|CS|TAMS 0x000000008a100000, 0x000000008a100000| Complete 
| 162|0x000000008a200000, 0x000000008a300000, 0x000000008a300000|100%| S|CS|TAMS 0x000000008a200000, 0x000000008a200000| Complete 
| 163|0x000000008a300000, 0x000000008a300000, 0x000000008a400000|  0%| F|  |TAMS 0x000000008a300000, 0x000000008a300000| Untracked 
| 164|0x000000008a400000, 0x000000008a400000, 0x000000008a500000|  0%| F|  |TAMS 0x000000008a400000, 0x000000008a400000| Untracked 
| 165|0x000000008a500000, 0x000000008a500000, 0x000000008a600000|  0%| F|  |TAMS 0x000000008a500000, 0x000000008a500000| Untracked 
| 166|0x000000008a600000, 0x000000008a600000, 0x000000008a700000|  0%| F|  |TAMS 0x000000008a600000, 0x000000008a600000| Untracked 
| 167|0x000000008a700000, 0x000000008a700000, 0x000000008a800000|  0%| F|  |TAMS 0x000000008a700000, 0x000000008a700000| Untracked 
| 168|0x000000008a800000, 0x000000008a800000, 0x000000008a900000|  0%| F|  |TAMS 0x000000008a800000, 0x000000008a800000| Untracked 
| 169|0x000000008a900000, 0x000000008a900000, 0x000000008aa00000|  0%| F|  |TAMS 0x000000008a900000, 0x000000008a900000| Untracked 
| 170|0x000000008aa00000, 0x000000008aa00000, 0x000000008ab00000|  0%| F|  |TAMS 0x000000008aa00000, 0x000000008aa00000| Untracked 
| 171|0x000000008ab00000, 0x000000008ab00000, 0x000000008ac00000|  0%| F|  |TAMS 0x000000008ab00000, 0x000000008ab00000| Untracked 
| 172|0x000000008ac00000, 0x000000008ac00000, 0x000000008ad00000|  0%| F|  |TAMS 0x000000008ac00000, 0x000000008ac00000| Untracked 
| 173|0x000000008ad00000, 0x000000008ad00000, 0x000000008ae00000|  0%| F|  |TAMS 0x000000008ad00000, 0x000000008ad00000| Untracked 
| 174|0x000000008ae00000, 0x000000008ae00000, 0x000000008af00000|  0%| F|  |TAMS 0x000000008ae00000, 0x000000008ae00000| Untracked 
| 175|0x000000008af00000, 0x000000008af00000, 0x000000008b000000|  0%| F|  |TAMS 0x000000008af00000, 0x000000008af00000| Untracked 
| 176|0x000000008b000000, 0x000000008b000000, 0x000000008b100000|  0%| F|  |TAMS 0x000000008b000000, 0x000000008b000000| Untracked 
| 177|0x000000008b100000, 0x000000008b100000, 0x000000008b200000|  0%| F|  |TAMS 0x000000008b100000, 0x000000008b100000| Untracked 
| 178|0x000000008b200000, 0x000000008b200000, 0x000000008b300000|  0%| F|  |TAMS 0x000000008b200000, 0x000000008b200000| Untracked 
| 179|0x000000008b300000, 0x000000008b300000, 0x000000008b400000|  0%| F|  |TAMS 0x000000008b300000, 0x000000008b300000| Untracked 
| 180|0x000000008b400000, 0x000000008b400000, 0x000000008b500000|  0%| F|  |TAMS 0x000000008b400000, 0x000000008b400000| Untracked 
| 181|0x000000008b500000, 0x000000008b500000, 0x000000008b600000|  0%| F|  |TAMS 0x000000008b500000, 0x000000008b500000| Untracked 
| 182|0x000000008b600000, 0x000000008b600000, 0x000000008b700000|  0%| F|  |TAMS 0x000000008b600000, 0x000000008b600000| Untracked 
| 183|0x000000008b700000, 0x000000008b700000, 0x000000008b800000|  0%| F|  |TAMS 0x000000008b700000, 0x000000008b700000| Untracked 
| 184|0x000000008b800000, 0x000000008b800000, 0x000000008b900000|  0%| F|  |TAMS 0x000000008b800000, 0x000000008b800000| Untracked 
| 185|0x000000008b900000, 0x000000008b900000, 0x000000008ba00000|  0%| F|  |TAMS 0x000000008b900000, 0x000000008b900000| Untracked 
| 186|0x000000008ba00000, 0x000000008ba00000, 0x000000008bb00000|  0%| F|  |TAMS 0x000000008ba00000, 0x000000008ba00000| Untracked 
| 187|0x000000008bb00000, 0x000000008bb00000, 0x000000008bc00000|  0%| F|  |TAMS 0x000000008bb00000, 0x000000008bb00000| Untracked 
| 188|0x000000008bc00000, 0x000000008bc00000, 0x000000008bd00000|  0%| F|  |TAMS 0x000000008bc00000, 0x000000008bc00000| Untracked 
| 189|0x000000008bd00000, 0x000000008bd00000, 0x000000008be00000|  0%| F|  |TAMS 0x000000008bd00000, 0x000000008bd00000| Untracked 
| 190|0x000000008be00000, 0x000000008be00000, 0x000000008bf00000|  0%| F|  |TAMS 0x000000008be00000, 0x000000008be00000| Untracked 
| 191|0x000000008bf00000, 0x000000008bf00000, 0x000000008c000000|  0%| F|  |TAMS 0x000000008bf00000, 0x000000008bf00000| Untracked 
| 192|0x000000008c000000, 0x000000008c000000, 0x000000008c100000|  0%| F|  |TAMS 0x000000008c000000, 0x000000008c000000| Untracked 
| 193|0x000000008c100000, 0x000000008c100000, 0x000000008c200000|  0%| F|  |TAMS 0x000000008c100000, 0x000000008c100000| Untracked 
| 194|0x000000008c200000, 0x000000008c200000, 0x000000008c300000|  0%| F|  |TAMS 0x000000008c200000, 0x000000008c200000| Untracked 
| 195|0x000000008c300000, 0x000000008c300000, 0x000000008c400000|  0%| F|  |TAMS 0x000000008c300000, 0x000000008c300000| Untracked 
| 196|0x000000008c400000, 0x000000008c400000, 0x000000008c500000|  0%| F|  |TAMS 0x000000008c400000, 0x000000008c400000| Untracked 
| 197|0x000000008c500000, 0x000000008c500000, 0x000000008c600000|  0%| F|  |TAMS 0x000000008c500000, 0x000000008c500000| Untracked 
| 198|0x000000008c600000, 0x000000008c600000, 0x000000008c700000|  0%| F|  |TAMS 0x000000008c600000, 0x000000008c600000| Untracked 
| 199|0x000000008c700000, 0x000000008c700000, 0x000000008c800000|  0%| F|  |TAMS 0x000000008c700000, 0x000000008c700000| Untracked 
| 200|0x000000008c800000, 0x000000008c800000, 0x000000008c900000|  0%| F|  |TAMS 0x000000008c800000, 0x000000008c800000| Untracked 
| 201|0x000000008c900000, 0x000000008c900000, 0x000000008ca00000|  0%| F|  |TAMS 0x000000008c900000, 0x000000008c900000| Untracked 
| 202|0x000000008ca00000, 0x000000008ca00000, 0x000000008cb00000|  0%| F|  |TAMS 0x000000008ca00000, 0x000000008ca00000| Untracked 
| 203|0x000000008cb00000, 0x000000008cb00000, 0x000000008cc00000|  0%| F|  |TAMS 0x000000008cb00000, 0x000000008cb00000| Untracked 
| 204|0x000000008cc00000, 0x000000008cc00000, 0x000000008cd00000|  0%| F|  |TAMS 0x000000008cc00000, 0x000000008cc00000| Untracked 
| 205|0x000000008cd00000, 0x000000008cd00000, 0x000000008ce00000|  0%| F|  |TAMS 0x000000008cd00000, 0x000000008cd00000| Untracked 
| 206|0x000000008ce00000, 0x000000008ce00000, 0x000000008cf00000|  0%| F|  |TAMS 0x000000008ce00000, 0x000000008ce00000| Untracked 
| 207|0x000000008cf00000, 0x000000008cf00000, 0x000000008d000000|  0%| F|  |TAMS 0x000000008cf00000, 0x000000008cf00000| Untracked 
| 208|0x000000008d000000, 0x000000008d000000, 0x000000008d100000|  0%| F|  |TAMS 0x000000008d000000, 0x000000008d000000| Untracked 
| 209|0x000000008d100000, 0x000000008d100000, 0x000000008d200000|  0%| F|  |TAMS 0x000000008d100000, 0x000000008d100000| Untracked 
| 210|0x000000008d200000, 0x000000008d200000, 0x000000008d300000|  0%| F|  |TAMS 0x000000008d200000, 0x000000008d200000| Untracked 
| 211|0x000000008d300000, 0x000000008d300000, 0x000000008d400000|  0%| F|  |TAMS 0x000000008d300000, 0x000000008d300000| Untracked 
| 212|0x000000008d400000, 0x000000008d400000, 0x000000008d500000|  0%| F|  |TAMS 0x000000008d400000, 0x000000008d400000| Untracked 
| 213|0x000000008d500000, 0x000000008d500000, 0x000000008d600000|  0%| F|  |TAMS 0x000000008d500000, 0x000000008d500000| Untracked 
| 214|0x000000008d600000, 0x000000008d600000, 0x000000008d700000|  0%| F|  |TAMS 0x000000008d600000, 0x000000008d600000| Untracked 
| 215|0x000000008d700000, 0x000000008d700000, 0x000000008d800000|  0%| F|  |TAMS 0x000000008d700000, 0x000000008d700000| Untracked 
| 216|0x000000008d800000, 0x000000008d800000, 0x000000008d900000|  0%| F|  |TAMS 0x000000008d800000, 0x000000008d800000| Untracked 
| 217|0x000000008d900000, 0x000000008d900000, 0x000000008da00000|  0%| F|  |TAMS 0x000000008d900000, 0x000000008d900000| Untracked 
| 218|0x000000008da00000, 0x000000008da00000, 0x000000008db00000|  0%| F|  |TAMS 0x000000008da00000, 0x000000008da00000| Untracked 
| 219|0x000000008db00000, 0x000000008db00000, 0x000000008dc00000|  0%| F|  |TAMS 0x000000008db00000, 0x000000008db00000| Untracked 
| 220|0x000000008dc00000, 0x000000008dc00000, 0x000000008dd00000|  0%| F|  |TAMS 0x000000008dc00000, 0x000000008dc00000| Untracked 
| 221|0x000000008dd00000, 0x000000008dd00000, 0x000000008de00000|  0%| F|  |TAMS 0x000000008dd00000, 0x000000008dd00000| Untracked 
| 222|0x000000008de00000, 0x000000008de00000, 0x000000008df00000|  0%| F|  |TAMS 0x000000008de00000, 0x000000008de00000| Untracked 
| 223|0x000000008df00000, 0x000000008df00000, 0x000000008e000000|  0%| F|  |TAMS 0x000000008df00000, 0x000000008df00000| Untracked 
| 224|0x000000008e000000, 0x000000008e000000, 0x000000008e100000|  0%| F|  |TAMS 0x000000008e000000, 0x000000008e000000| Untracked 
| 225|0x000000008e100000, 0x000000008e100000, 0x000000008e200000|  0%| F|  |TAMS 0x000000008e100000, 0x000000008e100000| Untracked 
| 226|0x000000008e200000, 0x000000008e200000, 0x000000008e300000|  0%| F|  |TAMS 0x000000008e200000, 0x000000008e200000| Untracked 
| 227|0x000000008e300000, 0x000000008e300000, 0x000000008e400000|  0%| F|  |TAMS 0x000000008e300000, 0x000000008e300000| Untracked 
| 228|0x000000008e400000, 0x000000008e400000, 0x000000008e500000|  0%| F|  |TAMS 0x000000008e400000, 0x000000008e400000| Untracked 
| 229|0x000000008e500000, 0x000000008e500000, 0x000000008e600000|  0%| F|  |TAMS 0x000000008e500000, 0x000000008e500000| Untracked 
| 230|0x000000008e600000, 0x000000008e600000, 0x000000008e700000|  0%| F|  |TAMS 0x000000008e600000, 0x000000008e600000| Untracked 
| 231|0x000000008e700000, 0x000000008e700000, 0x000000008e800000|  0%| F|  |TAMS 0x000000008e700000, 0x000000008e700000| Untracked 
| 232|0x000000008e800000, 0x000000008e800000, 0x000000008e900000|  0%| F|  |TAMS 0x000000008e800000, 0x000000008e800000| Untracked 
| 233|0x000000008e900000, 0x000000008e900000, 0x000000008ea00000|  0%| F|  |TAMS 0x000000008e900000, 0x000000008e900000| Untracked 
| 234|0x000000008ea00000, 0x000000008ea00000, 0x000000008eb00000|  0%| F|  |TAMS 0x000000008ea00000, 0x000000008ea00000| Untracked 
| 235|0x000000008eb00000, 0x000000008eb00000, 0x000000008ec00000|  0%| F|  |TAMS 0x000000008eb00000, 0x000000008eb00000| Untracked 
| 236|0x000000008ec00000, 0x000000008ec00000, 0x000000008ed00000|  0%| F|  |TAMS 0x000000008ec00000, 0x000000008ec00000| Untracked 
| 237|0x000000008ed00000, 0x000000008ed00000, 0x000000008ee00000|  0%| F|  |TAMS 0x000000008ed00000, 0x000000008ed00000| Untracked 
| 238|0x000000008ee00000, 0x000000008ee00000, 0x000000008ef00000|  0%| F|  |TAMS 0x000000008ee00000, 0x000000008ee00000| Untracked 
| 239|0x000000008ef00000, 0x000000008ef00000, 0x000000008f000000|  0%| F|  |TAMS 0x000000008ef00000, 0x000000008ef00000| Untracked 
| 240|0x000000008f000000, 0x000000008f000000, 0x000000008f100000|  0%| F|  |TAMS 0x000000008f000000, 0x000000008f000000| Untracked 
| 241|0x000000008f100000, 0x000000008f100000, 0x000000008f200000|  0%| F|  |TAMS 0x000000008f100000, 0x000000008f100000| Untracked 
| 242|0x000000008f200000, 0x000000008f200000, 0x000000008f300000|  0%| F|  |TAMS 0x000000008f200000, 0x000000008f200000| Untracked 
| 243|0x000000008f300000, 0x000000008f300000, 0x000000008f400000|  0%| F|  |TAMS 0x000000008f300000, 0x000000008f300000| Untracked 
| 244|0x000000008f400000, 0x000000008f400000, 0x000000008f500000|  0%| F|  |TAMS 0x000000008f400000, 0x000000008f400000| Untracked 
| 245|0x000000008f500000, 0x000000008f500000, 0x000000008f600000|  0%| F|  |TAMS 0x000000008f500000, 0x000000008f500000| Untracked 
| 246|0x000000008f600000, 0x000000008f600000, 0x000000008f700000|  0%| F|  |TAMS 0x000000008f600000, 0x000000008f600000| Untracked 
| 247|0x000000008f700000, 0x000000008f700000, 0x000000008f800000|  0%| F|  |TAMS 0x000000008f700000, 0x000000008f700000| Untracked 
| 248|0x000000008f800000, 0x000000008f800000, 0x000000008f900000|  0%| F|  |TAMS 0x000000008f800000, 0x000000008f800000| Untracked 
| 249|0x000000008f900000, 0x000000008f900000, 0x000000008fa00000|  0%| F|  |TAMS 0x000000008f900000, 0x000000008f900000| Untracked 
| 250|0x000000008fa00000, 0x000000008fa00000, 0x000000008fb00000|  0%| F|  |TAMS 0x000000008fa00000, 0x000000008fa00000| Untracked 
| 251|0x000000008fb00000, 0x000000008fb00000, 0x000000008fc00000|  0%| F|  |TAMS 0x000000008fb00000, 0x000000008fb00000| Untracked 
| 252|0x000000008fc00000, 0x000000008fc00000, 0x000000008fd00000|  0%| F|  |TAMS 0x000000008fc00000, 0x000000008fc00000| Untracked 
| 253|0x000000008fd00000, 0x000000008fd00000, 0x000000008fe00000|  0%| F|  |TAMS 0x000000008fd00000, 0x000000008fd00000| Untracked 

Card table byte_map: [0x00000289fcf40000,0x00000289fd340000] _byte_map_base: 0x00000289fcb40000

Marking Bits (Prev, Next): (CMBitMap*) 0x00000289e93b0268, (CMBitMap*) 0x00000289e93b02a0
 Prev Bits: [0x00000289fd740000, 0x00000289ff740000)
 Next Bits: [0x0000028980000000, 0x0000028982000000)

Polling page: 0x00000289ece90000

Metaspace:

Usage:
  Non-class:     16.73 MB capacity,    16.46 MB ( 98%) used,   246.00 KB (  1%) free+waste,    31.44 KB ( <1%) overhead. 
      Class:      2.39 MB capacity,     2.25 MB ( 94%) used,   123.57 KB (  5%) free+waste,    15.25 KB ( <1%) overhead. 
       Both:     19.12 MB capacity,    18.71 MB ( 98%) used,   369.57 KB (  2%) free+waste,    46.69 KB ( <1%) overhead. 

Virtual space:
  Non-class space:       26.00 MB reserved,      16.75 MB ( 64%) committed 
      Class space:        1.00 GB reserved,       2.50 MB ( <1%) committed 
             Both:        1.03 GB reserved,      19.25 MB (  2%) committed 

Chunk freelists:
   Non-Class:  20.00 KB
       Class:  21.00 KB
        Both:  41.00 KB

MaxMetaspaceSize: 17179869184.00 GB
CompressedClassSpaceSize: 1.00 GB
Initial GC threshold: 20.80 MB
Current GC threshold: 21.12 MB
CDS: off

CodeHeap 'non-profiled nmethods': size=120000Kb used=990Kb max_used=990Kb free=119009Kb
 bounds [0x00000289f4980000, 0x00000289f4bf0000, 0x00000289fbeb0000]
CodeHeap 'profiled nmethods': size=120000Kb used=3788Kb max_used=3788Kb free=116211Kb
 bounds [0x00000289ed450000, 0x00000289ed810000, 0x00000289f4980000]
CodeHeap 'non-nmethods': size=5760Kb used=1193Kb max_used=1210Kb free=4566Kb
 bounds [0x00000289eceb0000, 0x00000289ed120000, 0x00000289ed450000]
 total_blobs=2310 nmethods=1844 adapters=379
 compilation: enabled
              stopped_count=0, restarted_count=0
 full_count=0

Compilation events (20 events):
Event: 2.150 Thread 0x0000028984df5000 nmethod 1836 0x00000289ed800990 code [0x00000289ed800b40, 0x00000289ed800cf8]
Event: 2.152 Thread 0x0000028984df5000 1837       1       java.util.concurrent.locks.AbstractQueuedSynchronizer::setState (6 bytes)
Event: 2.152 Thread 0x0000028984df5000 nmethod 1837 0x00000289f4a74b90 code [0x00000289f4a74d40, 0x00000289f4a74df8]
Event: 2.153 Thread 0x0000028984dee000 nmethod 1835 0x00000289f4a74e90 code [0x00000289f4a75060, 0x00000289f4a757b8]
Event: 2.155 Thread 0x0000028984df5000 1838       3       java.util.ArrayList::grow (18 bytes)
Event: 2.155 Thread 0x0000028984df5000 nmethod 1838 0x00000289ed800d90 code [0x00000289ed800f60, 0x00000289ed8011b8]
Event: 2.159 Thread 0x0000028984df5000 1839       3       java.lang.reflect.AccessibleObject::setAccessible0 (7 bytes)
Event: 2.159 Thread 0x0000028984df5000 nmethod 1839 0x00000289ed801310 code [0x00000289ed8014c0, 0x00000289ed8015d8]
Event: 2.168 Thread 0x0000028984df5000 1840       3       org.gradle.internal.service.DefaultServiceRegistry$SingletonService::get (5 bytes)
Event: 2.168 Thread 0x0000028984df5000 nmethod 1840 0x00000289ed801690 code [0x00000289ed801840, 0x00000289ed801968]
Event: 2.168 Thread 0x0000028984df5000 1841   !   3       org.gradle.internal.service.DefaultServiceRegistry$ManagedObjectServiceProvider::getInstance (47 bytes)
Event: 2.169 Thread 0x0000028984df5000 nmethod 1841 0x00000289ed801a10 code [0x00000289ed801c00, 0x00000289ed802198]
Event: 2.170 Thread 0x0000028984dee000 1842       4       java.lang.String::concat (115 bytes)
Event: 2.173 Thread 0x0000028984dee000 nmethod 1842 0x00000289f4a75d90 code [0x00000289f4a75f40, 0x00000289f4a76398]
Event: 2.173 Thread 0x0000028984df5000 1843       3       org.gradle.internal.service.DefaultServiceRegistry$ClassInspector$ClassDetails::locateAnnotation (44 bytes)
Event: 2.173 Thread 0x0000028984df5000 nmethod 1843 0x00000289ed802390 code [0x00000289ed8025e0, 0x00000289ed802eb8]
Event: 2.179 Thread 0x0000028984dee000 1844       4       java.util.jar.JarFile::maybeInstantiateVerifier (112 bytes)
Event: 2.186 Thread 0x0000028984dee000 nmethod 1844 0x00000289f4a76590 code [0x00000289f4a76760, 0x00000289f4a76be8]
Event: 2.186 Thread 0x0000028984dee000 1845       4       java.lang.String::substring (58 bytes)
Event: 2.190 Thread 0x0000028984dee000 nmethod 1845 0x00000289f4a77010 code [0x00000289f4a771c0, 0x00000289f4a776c8]

GC Heap History (4 events):
Event: 0.605 GC heap before
{Heap before GC invocations=0 (full 0):
 garbage-first heap   total 260096K, used 29696K [0x0000000080000000, 0x0000000100000000)
  region size 1024K, 24 young (24576K), 0 survivors (0K)
 Metaspace       used 10118K, capacity 10339K, committed 10624K, reserved 1058816K
  class space    used 1035K, capacity 1106K, committed 1152K, reserved 1048576K
}
Event: 0.608 GC heap after
{Heap after GC invocations=1 (full 0):
 garbage-first heap   total 260096K, used 9593K [0x0000000080000000, 0x0000000100000000)
  region size 1024K, 3 young (3072K), 3 survivors (3072K)
 Metaspace       used 10118K, capacity 10339K, committed 10624K, reserved 1058816K
  class space    used 1035K, capacity 1106K, committed 1152K, reserved 1048576K
}
Event: 2.194 GC heap before
{Heap before GC invocations=1 (full 0):
 garbage-first heap   total 260096K, used 99705K [0x0000000080000000, 0x0000000100000000)
  region size 1024K, 91 young (93184K), 3 survivors (3072K)
 Metaspace       used 19158K, capacity 19575K, committed 19712K, reserved 1073152K
  class space    used 2304K, capacity 2443K, committed 2560K, reserved 1048576K
}
Event: 2.199 GC heap after
{Heap after GC invocations=2 (full 0):
 garbage-first heap   total 260096K, used 17190K [0x0000000080000000, 0x0000000100000000)
  region size 1024K, 11 young (11264K), 11 survivors (11264K)
 Metaspace       used 19158K, capacity 19575K, committed 19712K, reserved 1073152K
  class space    used 2304K, capacity 2443K, committed 2560K, reserved 1048576K
}

Deoptimization events (20 events):
Event: 1.958 Thread 0x00000289e936b800 DEOPT PACKING pc=0x00000289f4a002a4 sp=0x000000a7833fd730
Event: 1.958 Thread 0x00000289e936b800 DEOPT UNPACKING pc=0x00000289ecefa1af sp=0x000000a7833fd6c8 mode 2
Event: 1.958 Thread 0x00000289e936b800 Uncommon trap: trap_request=0xffffffc6 fr.pc=0x00000289f4a00654 relative=0x0000000000000114
Event: 1.958 Thread 0x00000289e936b800 Uncommon trap: reason=bimorphic_or_optimized_type_check action=maybe_recompile pc=0x00000289f4a00654 method=java.util.AbstractList$Itr.next()Ljava/lang/Object; @ 14 c2
Event: 1.958 Thread 0x00000289e936b800 DEOPT PACKING pc=0x00000289f4a00654 sp=0x000000a7833fd720
Event: 1.958 Thread 0x00000289e936b800 DEOPT UNPACKING pc=0x00000289ecefa1af sp=0x000000a7833fd6b8 mode 2
Event: 1.988 Thread 0x00000289e936b800 Uncommon trap: trap_request=0xffffff4d fr.pc=0x00000289f49921a8 relative=0x0000000000000308
Event: 1.988 Thread 0x00000289e936b800 Uncommon trap: reason=unstable_if action=reinterpret pc=0x00000289f49921a8 method=java.lang.StringUTF16.compress([CI[BII)I @ 20 c2
Event: 1.988 Thread 0x00000289e936b800 DEOPT PACKING pc=0x00000289f49921a8 sp=0x000000a7833fd620
Event: 1.988 Thread 0x00000289e936b800 DEOPT UNPACKING pc=0x00000289ecefa1af sp=0x000000a7833fd5a0 mode 2
Event: 2.002 Thread 0x0000028985048800 Uncommon trap: trap_request=0xffffffc6 fr.pc=0x00000289f4a002a4 relative=0x0000000000000084
Event: 2.002 Thread 0x0000028985048800 Uncommon trap: reason=bimorphic_or_optimized_type_check action=maybe_recompile pc=0x00000289f4a002a4 method=java.util.AbstractList$Itr.hasNext()Z @ 8 c2
Event: 2.002 Thread 0x0000028985048800 DEOPT PACKING pc=0x00000289f4a002a4 sp=0x000000a7844fe2b0
Event: 2.002 Thread 0x0000028985048800 DEOPT UNPACKING pc=0x00000289ecefa1af sp=0x000000a7844fe248 mode 2
Event: 2.002 Thread 0x0000028985048800 Uncommon trap: trap_request=0xffffffc6 fr.pc=0x00000289f4a00654 relative=0x0000000000000114
Event: 2.002 Thread 0x0000028985048800 Uncommon trap: reason=bimorphic_or_optimized_type_check action=maybe_recompile pc=0x00000289f4a00654 method=java.util.AbstractList$Itr.next()Ljava/lang/Object; @ 14 c2
Event: 2.002 Thread 0x0000028985048800 DEOPT PACKING pc=0x00000289f4a00654 sp=0x000000a7844fe2a0
Event: 2.002 Thread 0x0000028985048800 DEOPT UNPACKING pc=0x00000289ecefa1af sp=0x000000a7844fe238 mode 2
Event: 2.032 Thread 0x0000028986891000 DEOPT PACKING pc=0x00000289ed7d779b sp=0x000000a784cfdbd0
Event: 2.032 Thread 0x0000028986891000 DEOPT UNPACKING pc=0x00000289ecefa95e sp=0x000000a784cfd040 mode 0

Classes redefined (0 events):
No events

Internal exceptions (16 events):
Event: 0.144 Thread 0x00000289e936b800 Exception <a 'java/lang/NoSuchMethodError'{0x000000008fbce920}: 'int java.lang.invoke.DirectMethodHandle$Holder.invokeStaticInit(java.lang.Object, java.lang.Object)'> (0x000000008fbce920) thrown at [./src/hotspot/share/interpreter/linkResolver.cpp, line 773]
Event: 0.176 Thread 0x00000289e936b800 Exception <a 'java/lang/NoSuchMethodError'{0x000000008fa98bd8}: 'int java.lang.invoke.DirectMethodHandle$Holder.invokeSpecial(java.lang.Object, java.lang.Object, java.lang.Object, java.lang.Object)'> (0x000000008fa98bd8) thrown at [./src/hotspot/share/interpreter/linkResolver.cpp, line 773]
Event: 0.181 Thread 0x00000289e936b800 Exception <a 'java/lang/NoSuchMethodError'{0x000000008fad0bd0}: 'int java.lang.invoke.DirectMethodHandle$Holder.invokeSpecialIFC(java.lang.Object, java.lang.Object, int)'> (0x000000008fad0bd0) thrown at [./src/hotspot/share/interpreter/linkResolver.cpp, line 773]
Event: 0.378 Thread 0x00000289e936b800 Exception <a 'java/lang/NoClassDefFoundError'{0x000000008ee7c858}: org/slf4j/impl/StaticMarkerBinder> (0x000000008ee7c858) thrown at [./src/hotspot/share/classfile/systemDictionary.cpp, line 220]
Event: 0.432 Thread 0x00000289e936b800 Exception <a 'java/lang/NoSuchMethodError'{0x000000008ebde5d0}: 'java.lang.Object java.lang.invoke.DirectMethodHandle$Holder.invokeVirtual(java.lang.Object, java.lang.Object, java.lang.Object, java.lang.Object, java.lang.Object, java.lang.Object, java.lang.Object)'> (0x000000008ebde5d0) thrown at [./src/hotspot/share/interpreter/linkResolver.cpp, line 773]
Event: 0.433 Thread 0x00000289e936b800 Exception <a 'java/lang/NoSuchMethodError'{0x000000008ebf3048}: 'java.lang.Object java.lang.invoke.Invokers$Holder.invoker(java.lang.Object, java.lang.Object, java.lang.Object)'> (0x000000008ebf3048) thrown at [./src/hotspot/share/interpreter/linkResolver.cpp, line 773]
Event: 0.436 Thread 0x00000289e936b800 Exception <a 'java/lang/NoSuchMethodError'{0x000000008ea04b10}: 'void java.lang.invoke.DelegatingMethodHandle$Holder.delegate(java.lang.Object, java.lang.Object, int, java.lang.Object)'> (0x000000008ea04b10) thrown at [./src/hotspot/share/interpreter/linkResolver.cpp, line 773]
Event: 0.942 Thread 0x00000289e936b800 Exception <a 'java/security/PrivilegedActionException'{0x000000008d698b00}> (0x000000008d698b00) thrown at [./src/hotspot/share/prims/jvm.cpp, line 1306]
Event: 0.942 Thread 0x00000289e936b800 Exception <a 'java/security/PrivilegedActionException'{0x000000008d699078}> (0x000000008d699078) thrown at [./src/hotspot/share/prims/jvm.cpp, line 1306]
Event: 1.111 Thread 0x00000289e936b800 Exception <a 'java/lang/NoSuchMethodError'{0x000000008c5ef918}: 'java.lang.Object java.lang.invoke.DirectMethodHandle$Holder.invokeStaticInit(java.lang.Object, java.lang.Object, java.lang.Object)'> (0x000000008c5ef918) thrown at [./src/hotspot/share/interpreter/linkResolver.cpp, line 773]
Event: 1.212 Thread 0x00000289e936b800 Exception <a 'java/lang/NoSuchMethodError'{0x000000008be73b98}: 'java.lang.Object java.lang.invoke.DirectMethodHandle$Holder.invokeStaticInit(java.lang.Object, int, int, int, int)'> (0x000000008be73b98) thrown at [./src/hotspot/share/interpreter/linkResolver.cpp, line 773]
Event: 1.519 Thread 0x00000289e936b800 Exception <a 'java/lang/NoSuchMethodError'{0x000000008bef5c88}: 'java.lang.Object java.lang.invoke.DirectMethodHandle$Holder.invokeStaticInit(java.lang.Object, java.lang.Object, int, int, int, int)'> (0x000000008bef5c88) thrown at [./src/hotspot/share/interpreter/linkResolver.cpp, line 773]
Event: 1.965 Thread 0x00000289e936b800 Exception <a 'java/lang/NoSuchMethodError'{0x000000008bdf60d0}: 'java.lang.Object java.lang.invoke.DirectMethodHandle$Holder.invokeStaticInit(java.lang.Object, int)'> (0x000000008bdf60d0) thrown at [./src/hotspot/share/interpreter/linkResolver.cpp, line 773]
Event: 1.988 Thread 0x00000289e936b800 Exception <a 'java/io/IOException'{0x000000008bb1dbe0}> (0x000000008bb1dbe0) thrown at [./src/hotspot/share/prims/jni.cpp, line 616]
Event: 2.065 Thread 0x00000289876ef800 Exception <a 'java/lang/NoSuchMethodError'{0x000000008b5f60d0}: 'long java.lang.invoke.DirectMethodHandle$Holder.invokeInterface(java.lang.Object, java.lang.Object)'> (0x000000008b5f60d0) thrown at [./src/hotspot/share/interpreter/linkResolver.cpp, line 773]
Event: 2.066 Thread 0x00000289876ef800 Exception <a 'java/lang/NoSuchMethodError'{0x000000008b4037b8}: 'void java.lang.invoke.DelegatingMethodHandle$Holder.reinvoke_L(java.lang.Object, java.lang.Object, java.lang.Object, java.lang.Object, java.lang.Object, java.lang.Object, java.lang.Object)'> (0x000000008b4037b8) thrown at [./src/hotspot/share/interpreter/linkResolver.cpp, line 773]

Events (20 events):
Event: 2.191 loading class org/gradle/internal/build/event/types/AbstractProjectConfigurationResult done
Event: 2.191 loading class org/gradle/tooling/internal/protocol/events/InternalProjectConfigurationResult
Event: 2.191 loading class org/gradle/tooling/internal/protocol/events/InternalProjectConfigurationResult done
Event: 2.191 loading class org/gradle/internal/build/event/types/DefaultProjectConfigurationFailureResult
Event: 2.191 loading class org/gradle/internal/build/event/types/DefaultProjectConfigurationFailureResult done
Event: 2.191 loading class org/gradle/internal/build/event/types/DefaultProjectConfigurationSuccessResult
Event: 2.191 loading class org/gradle/internal/build/event/types/DefaultProjectConfigurationSuccessResult done
Event: 2.191 loading class org/gradle/tooling/internal/provider/runner/WorkItemOperationMapper
Event: 2.191 loading class org/gradle/tooling/internal/provider/runner/WorkItemOperationMapper done
Event: 2.192 loading class org/gradle/internal/build/event/types/DefaultWorkItemDescriptor
Event: 2.192 loading class org/gradle/internal/build/event/types/DefaultWorkItemDescriptor done
Event: 2.192 loading class org/gradle/tooling/internal/protocol/events/InternalWorkItemDescriptor
Event: 2.192 loading class org/gradle/tooling/internal/protocol/events/InternalWorkItemDescriptor done
Event: 2.192 loading class org/gradle/tooling/internal/provider/runner/ClientBuildEventGenerator
Event: 2.192 loading class org/gradle/tooling/internal/provider/runner/ClientBuildEventGenerator done
Event: 2.193 loading class org/gradle/tooling/internal/provider/runner/ClientBuildEventGenerator$Operation
Event: 2.193 loading class org/gradle/tooling/internal/provider/runner/ClientBuildEventGenerator$Operation done
Event: 2.193 loading class org/gradle/tooling/internal/provider/runner/ClientBuildEventGenerator$1
Event: 2.193 loading class org/gradle/tooling/internal/provider/runner/ClientBuildEventGenerator$1 done
Event: 2.193 Executing VM operation: CollectForMetadataAllocation


Dynamic libraries:
0x00007ff7b0570000 - 0x00007ff7b057a000 	E:\Android-studio\jre\bin\java.exe
0x00007ffbcf450000 - 0x00007ffbcf648000 	C:\WINDOWS\SYSTEM32\ntdll.dll
0x00007ffbcd6e0000 - 0x00007ffbcd79d000 	C:\WINDOWS\System32\KERNEL32.DLL
0x00007ffbccb60000 - 0x00007ffbcce32000 	C:\WINDOWS\System32\KERNELBASE.dll
0x00007ffbcced0000 - 0x00007ffbccfd0000 	C:\WINDOWS\System32\ucrtbase.dll
0x00007ffbad810000 - 0x00007ffbad827000 	E:\Android-studio\jre\bin\VCRUNTIME140.dll
0x00007ffbad5e0000 - 0x00007ffbad5f9000 	E:\Android-studio\jre\bin\jli.dll
0x00007ffbcd4b0000 - 0x00007ffbcd64d000 	C:\WINDOWS\System32\USER32.dll
0x00007ffbcd3d0000 - 0x00007ffbcd3f2000 	C:\WINDOWS\System32\win32u.dll
0x00007ffbb0eb0000 - 0x00007ffbb114a000 	C:\WINDOWS\WinSxS\amd64_microsoft.windows.common-controls_6595b64144ccf1df_6.0.19041.1110_none_60b5254171f9507e\COMCTL32.dll
0x00007ffbced80000 - 0x00007ffbcedab000 	C:\WINDOWS\System32\GDI32.dll
0x00007ffbce0f0000 - 0x00007ffbce18e000 	C:\WINDOWS\System32\msvcrt.dll
0x00007ffbccfd0000 - 0x00007ffbcd0df000 	C:\WINDOWS\System32\gdi32full.dll
0x00007ffbcd130000 - 0x00007ffbcd1cd000 	C:\WINDOWS\System32\msvcp_win.dll
0x00007ffbcef60000 - 0x00007ffbcef90000 	C:\WINDOWS\System32\IMM32.DLL
0x00007ffb863f0000 - 0x00007ffb8648d000 	E:\Android-studio\jre\bin\msvcp140.dll
0x00007ffb7d9f0000 - 0x00007ffb7e4f2000 	E:\Android-studio\jre\bin\server\jvm.dll
0x00007ffbce040000 - 0x00007ffbce0ee000 	C:\WINDOWS\System32\ADVAPI32.dll
0x00007ffbce9f0000 - 0x00007ffbcea8c000 	C:\WINDOWS\System32\sechost.dll
0x00007ffbcdf10000 - 0x00007ffbce035000 	C:\WINDOWS\System32\RPCRT4.dll
0x00007ffbcee30000 - 0x00007ffbcee38000 	C:\WINDOWS\System32\PSAPI.DLL
0x00007ffbb4820000 - 0x00007ffbb4847000 	C:\WINDOWS\SYSTEM32\WINMM.dll
0x00007ffbc65f0000 - 0x00007ffbc65fa000 	C:\WINDOWS\SYSTEM32\VERSION.dll
0x00007ffbac410000 - 0x00007ffbac419000 	C:\WINDOWS\SYSTEM32\WSOCK32.dll
0x00007ffbce980000 - 0x00007ffbce9eb000 	C:\WINDOWS\System32\WS2_32.dll
0x00007ffbcb3b0000 - 0x00007ffbcb3c2000 	C:\WINDOWS\SYSTEM32\kernel.appcore.dll
0x00007ffbac3f0000 - 0x00007ffbac401000 	E:\Android-studio\jre\bin\verify.dll
0x00007ffbca7d0000 - 0x00007ffbca9b4000 	C:\WINDOWS\SYSTEM32\DBGHELP.DLL
0x00007ffbacb30000 - 0x00007ffbacb5c000 	C:\WINDOWS\SYSTEM32\dbgcore.DLL
0x00007ffbcce40000 - 0x00007ffbccec2000 	C:\WINDOWS\System32\bcryptPrimitives.dll
0x00007ffbabd70000 - 0x00007ffbabd99000 	E:\Android-studio\jre\bin\java.dll
0x00007ffbabca0000 - 0x00007ffbabcab000 	E:\Android-studio\jre\bin\jimage.dll
0x00007ffbab730000 - 0x00007ffbab748000 	E:\Android-studio\jre\bin\zip.dll
0x00007ffbcd7a0000 - 0x00007ffbcdee3000 	C:\WINDOWS\System32\SHELL32.dll
0x00007ffbcac00000 - 0x00007ffbcb391000 	C:\WINDOWS\SYSTEM32\windows.storage.dll
0x00007ffbcf0b0000 - 0x00007ffbcf404000 	C:\WINDOWS\System32\combase.dll
0x00007ffbcc5c0000 - 0x00007ffbcc5f0000 	C:\WINDOWS\SYSTEM32\Wldp.dll
0x00007ffbcf000000 - 0x00007ffbcf0ad000 	C:\WINDOWS\System32\SHCORE.dll
0x00007ffbcef90000 - 0x00007ffbcefe5000 	C:\WINDOWS\System32\shlwapi.dll
0x00007ffbccaa0000 - 0x00007ffbccabf000 	C:\WINDOWS\SYSTEM32\profapi.dll
0x00007ffba9230000 - 0x00007ffba924a000 	E:\Android-studio\jre\bin\net.dll
0x00007ffbb92f0000 - 0x00007ffbb93fd000 	C:\WINDOWS\SYSTEM32\WINHTTP.dll
0x00007ffbcc320000 - 0x00007ffbcc38a000 	C:\WINDOWS\system32\mswsock.dll
0x00007ffba8df0000 - 0x00007ffba8e04000 	E:\Android-studio\jre\bin\nio.dll
0x00007ffbb5f70000 - 0x00007ffbb5f97000 	C:\Users\liar\.gradle\native\e1d6ef7f7dcc3fd88c89a11ec53ec762bb8ba0a96d01ffa2cd45eb1d1d8dd5c5\windows-amd64\native-platform.dll
0x00007ffb862a0000 - 0x00007ffb863e4000 	C:\Users\liar\.gradle\native\0d407fdbe67a94daf76414ababcb853783967236a71b16ec16e742cd7a986fd3\windows-amd64\native-platform-file-events.dll
0x00007ffbabc90000 - 0x00007ffbabc9a000 	E:\Android-studio\jre\bin\management.dll
0x00007ffbab8d0000 - 0x00007ffbab8dd000 	E:\Android-studio\jre\bin\management_ext.dll
0x00007ffbcc510000 - 0x00007ffbcc528000 	C:\WINDOWS\SYSTEM32\CRYPTSP.dll
0x00007ffbcbbd0000 - 0x00007ffbcbc04000 	C:\WINDOWS\system32\rsaenh.dll
0x00007ffbcd330000 - 0x00007ffbcd357000 	C:\WINDOWS\System32\bcrypt.dll
0x00007ffbcca20000 - 0x00007ffbcca4e000 	C:\WINDOWS\SYSTEM32\USERENV.dll
0x00007ffbcc530000 - 0x00007ffbcc53c000 	C:\WINDOWS\SYSTEM32\CRYPTBASE.dll
0x00007ffbcbfc0000 - 0x00007ffbcbffb000 	C:\WINDOWS\SYSTEM32\IPHLPAPI.DLL
0x00007ffbceff0000 - 0x00007ffbceff8000 	C:\WINDOWS\System32\NSI.dll
0x00007ffbc4ea0000 - 0x00007ffbc4eb7000 	C:\WINDOWS\SYSTEM32\dhcpcsvc6.DLL
0x00007ffbc4e80000 - 0x00007ffbc4e9d000 	C:\WINDOWS\SYSTEM32\dhcpcsvc.DLL
0x00007ffbcc000000 - 0x00007ffbcc0ca000 	C:\WINDOWS\SYSTEM32\DNSAPI.dll

dbghelp: loaded successfully - version: 4.0.5 - missing functions: none
symbol engine: initialized successfully - sym options: 0x614 - pdb path: .;E:\Android-studio\jre\bin;C:\WINDOWS\SYSTEM32;C:\WINDOWS\WinSxS\amd64_microsoft.windows.common-controls_6595b64144ccf1df_6.0.19041.1110_none_60b5254171f9507e;E:\Android-studio\jre\bin\server;C:\Users\liar\.gradle\native\e1d6ef7f7dcc3fd88c89a11ec53ec762bb8ba0a96d01ffa2cd45eb1d1d8dd5c5\windows-amd64;C:\Users\liar\.gradle\native\0d407fdbe67a94daf76414ababcb853783967236a71b16ec16e742cd7a986fd3\windows-amd64

VM Arguments:
jvm_args: --add-opens=java.base/java.util=ALL-UNNAMED --add-opens=java.base/java.lang=ALL-UNNAMED --add-opens=java.base/java.lang.invoke=ALL-UNNAMED --add-opens=java.base/java.util=ALL-UNNAMED --add-opens=java.prefs/java.util.prefs=ALL-UNNAMED --add-opens=java.prefs/java.util.prefs=ALL-UNNAMED --add-opens=java.base/java.nio.charset=ALL-UNNAMED --add-opens=java.base/java.net=ALL-UNNAMED --add-opens=java.base/java.util.concurrent.atomic=ALL-UNNAMED -Xmx2048m -Dfile.encoding=UTF-8 -Duser.country=CN -Duser.language=zh -Duser.variant 
java_command: org.gradle.launcher.daemon.bootstrap.GradleDaemon 7.4
java_class_path (initial): C:\Users\liar\.gradle\wrapper\dists\gradle-7.4-bin\c0gwcg53nkjbqw7r0h0umtfvt\gradle-7.4\lib\gradle-launcher-7.4.jar
Launcher Type: SUN_STANDARD

[Global flags]
     intx CICompilerCount                          = 4                                         {product} {ergonomic}
     uint ConcGCThreads                            = 3                                         {product} {ergonomic}
     uint G1ConcRefinementThreads                  = 10                                        {product} {ergonomic}
   size_t G1HeapRegionSize                         = 1048576                                   {product} {ergonomic}
    uintx GCDrainStackTargetSize                   = 64                                        {product} {ergonomic}
   size_t InitialHeapSize                          = 266338304                                 {product} {ergonomic}
   size_t MarkStackSize                            = 4194304                                   {product} {ergonomic}
   size_t MaxHeapSize                              = 2147483648                                {product} {command line}
   size_t MaxNewSize                               = 1287651328                                {product} {ergonomic}
   size_t MinHeapDeltaBytes                        = 1048576                                   {product} {ergonomic}
    uintx NonNMethodCodeHeapSize                   = 5836300                                {pd product} {ergonomic}
    uintx NonProfiledCodeHeapSize                  = 122910970                              {pd product} {ergonomic}
    uintx ProfiledCodeHeapSize                     = 122910970                              {pd product} {ergonomic}
    uintx ReservedCodeCacheSize                    = 251658240                              {pd product} {ergonomic}
     bool SegmentedCodeCache                       = true                                      {product} {ergonomic}
     bool UseCompressedClassPointers               = true                                 {lp64_product} {ergonomic}
     bool UseCompressedOops                        = true                                 {lp64_product} {ergonomic}
     bool UseG1GC                                  = true                                      {product} {ergonomic}
     bool UseLargePagesIndividualAllocation        = false                                  {pd product} {ergonomic}

Logging:
Log output configuration:
 #0: stdout all=warning uptime,level,tags
 #1: stderr all=off uptime,level,tags

Environment Variables:
PATH=C:\Program Files\Common Files\Oracle\Java\javapath;C:\windows\system32;C:\windows;C:\windows\System32\Wbem;C:\windows\System32\WindowsPowerShell\v1.0\;C:\windows\System32\OpenSSH\;C:\Program Files (x86)\NVIDIA Corporation\PhysX\Common;C:\Program Files\NVIDIA Corporation\NVIDIA NvDLISR;C:\WINDOWS\system32;C:\WINDOWS;C:\WINDOWS\System32\Wbem;C:\WINDOWS\System32\WindowsPowerShell\v1.0\;C:\WINDOWS\System32\OpenSSH\;E:\GIT\Git\cmd;E:\mysql\mysql-5.7.24-winx64\bin;E:\StarUML_Setup_3.2.2\;E:\starnode;E:\SOFT\download360\mingw64\bin;E:\anaconda\Library\mingw-w64\bin;D:\deveco\DevEco Studio 3.0.0.991\bin;;E:\SOFT\python.exe;E:\SOFT\Microsoft VS Code\bin;C:\Users\liar\AppData\Local\Microsoft\WindowsApps;E:\SOFT\;E:\anaconda\Scripts;E:\anaconda\Library\usr\bin;E:\anaconda;C:\Users\liar\AppData\Roaming\npm;E:\starnode;
USERNAME=liar
OS=Windows_NT
PROCESSOR_IDENTIFIER=Intel64 Family 6 Model 165 Stepping 2, GenuineIntel



---------------  S Y S T E M  ---------------

OS: Windows 10 , 64 bit Build 19041 (10.0.19041.1889)
OS uptime: 0 days 2:57 hours

CPU:total 12 (initial active 12) (6 cores per cpu, 2 threads per core) family 6 model 165 stepping 2 microcode 0xf0, cmov, cx8, fxsr, mmx, sse, sse2, sse3, ssse3, sse4.1, sse4.2, popcnt, avx, avx2, aes, clmul, erms, 3dnowpref, lzcnt, ht, tsc, tscinvbit, bmi1, bmi2, adx, fma

Memory: 4k page, system-wide physical 16185M (2892M free)
TotalPageFile size 16185M (AvailPageFile size 4M)
current process WorkingSet (physical memory assigned to process): 216M, peak: 216M
current process commit charge ("private bytes"): 406M, peak: 407M

vm_info: OpenJDK 64-Bit Server VM (11.0.13+0-b1751.21-8125866) for windows-amd64 JRE (11.0.13+0-b1751.21-8125866), built on Feb  2 2022 03:00:22 by "builder" with MS VC++ 14.0 (VS2015)

END.
